[14:07:11] [main/INFO]: Loading for game Minecraft 1.14.2
[14:07:12] [main/INFO]: [FabricLoader] Loading 26 mods: fabric-networking-blockentity-v0@0.1.1+25fd0c52, fabric-renderer-api-v1@0.1.0+02a46d5b, fabric-keybindings-v0@0.1.0+59147463, fabricloader@0.4.8+build.154, fabric-renderer-indigo@0.1.2+4076d79a, fabric-containers-v0@0.1.2+25fd0c52, fabric-crash-report-info-v1@0.1.0+59147463, fabric-events-interaction-v0@0.1.0+59147463, fabric-api-base@0.1.0+59147463, fabric-rendering-v0@0.1.0+59147463, fabric-rendering-data-attachment-v1@0.1.0+02a46d5b, fabric-resource-loader-v0@0.1.1+59147463, fabric-textures-v0@0.1.2+25fd0c52, fabric-content-registries-v0@0.1.1+45e1a1c8, fabric-tag-extensions-v0@0.1.0+59147463, fabric-rendering-fluids-v1@0.1.0+dc4c57c2, fabric-registry-sync-v0@0.1.2+25fd0c52, fabric-commands-v0@0.1.1+25fd0c52, fabric-mining-levels-v0@0.1.0+59147463, fabric-events-lifecycle-v0@0.1.0+59147463, volarius@${version}, fabric@0.3.0+build.170, fabric-item-groups-v0@0.1.0+59147463, fabric-models-v0@0.1.0+59147463, fabric-networking-v0@0.1.2+200eb5c2, fabric-object-builders-v0@0.1.1+9fe2f882
[14:07:12] [main/WARN]: Mod `volarius` (${version}) does not respect SemVer - comparison support is limited.
[14:07:12] [main/INFO]: SpongePowered MIXIN Subsystem Version=0.7.11 Source=file:/C:/Users/kyler/.gradle/caches/modules-2/files-2.1/net.fabricmc/sponge-mixin/0.7.11.36/b0d9944f2b77f1ce952a1179e595037332910a82/sponge-mixin-0.7.11.36.jar Service=Knot/Fabric Env=CLIENT
[14:07:12] [main/INFO]: Loaded Fabric development mappings for mixin remapper!
[14:07:12] [main/INFO]: Compatibility level set to JAVA_8
[14:07:12] [main/WARN]: Mixin config fabric-networking-v0.mixins.json does not specify "minVersion" property
[14:07:12] [main/WARN]: Mixin config fabric-networking-blockentity-v0.mixins.json does not specify "minVersion" property
[14:07:12] [main/WARN]: Mixin config fabric-resource-loader-v0.mixins.json does not specify "minVersion" property
[14:07:12] [main/WARN]: Mixin config fabric-mining-levels-v0.mixins.json does not specify "minVersion" property
[14:07:12] [main/WARN]: Mixin config fabric-containers-v0.mixins.json does not specify "minVersion" property
[14:07:12] [main/WARN]: Mixin config fabric-rendering-v0.mixins.json does not specify "minVersion" property
[14:07:12] [main/WARN]: Mixin config fabric-object-builders-v0.mixins.json does not specify "minVersion" property
[14:07:12] [main/WARN]: Mixin config fabric-renderer-indigo.mixins.json does not specify "minVersion" property
[14:07:12] [main/WARN]: Mixin config fabric-rendering-data-attachment-v1.mixins.json does not specify "minVersion" property
[14:07:12] [main/WARN]: Mixin config fabric-item-groups-v0.mixins.json does not specify "minVersion" property
[14:07:12] [main/WARN]: Mixin config fabric-events-interaction-v0.mixins.json does not specify "minVersion" property
[14:07:12] [main/WARN]: Mixin config fabric-content-registries-v0.mixins.json does not specify "minVersion" property
[14:07:12] [main/WARN]: Mixin config fabric-textures-v0.mixins.json does not specify "minVersion" property
[14:07:12] [main/WARN]: Mixin config fabric-registry-sync-v0.mixins.json does not specify "minVersion" property
[14:07:12] [main/WARN]: Mixin config fabric-models-v0.mixins.json does not specify "minVersion" property
[14:07:12] [main/WARN]: Mixin config fabric-keybindings-v0.mixins.json does not specify "minVersion" property
[14:07:12] [main/WARN]: Mixin config fabric-crash-report-info-v1.mixins.json does not specify "minVersion" property
[14:07:12] [main/WARN]: Mixin config fabric-renderer-api-v1.debughud.mixins.json does not specify "minVersion" property
[14:07:12] [main/WARN]: Mixin config fabric-containers-v0.accurate.mixins.json does not specify "minVersion" property
[14:07:12] [main/WARN]: Mixin config fabric-events-lifecycle-v0.mixins.json does not specify "minVersion" property
[14:07:12] [main/WARN]: Mixin config fabric-commands-v0.mixins.json does not specify "minVersion" property
[14:07:12] [main/WARN]: Mixin config fabric-renderer-api-v1.mixins.json does not specify "minVersion" property
[14:07:12] [main/WARN]: Mixin config fabric-rendering-fluids-v1.mixins.json does not specify "minVersion" property
[14:07:12] [main/ERROR]: Error encountered reading mixin config modid.mixins.json: java.lang.IllegalArgumentException The specified resource 'modid.mixins.json' was invalid or could not be read
java.lang.IllegalArgumentException: The specified resource 'modid.mixins.json' was invalid or could not be read
	at org.spongepowered.asm.mixin.transformer.MixinConfig.create(MixinConfig.java:909) ~[sponge-mixin-0.7.11.36.jar:0.7.11.36+unknown-b0.git-unknown]
	at org.spongepowered.asm.mixin.transformer.Config.create(Config.java:116) ~[sponge-mixin-0.7.11.36.jar:0.7.11.36+unknown-b0.git-unknown]
	at org.spongepowered.asm.mixin.Mixins.createConfiguration(Mixins.java:91) ~[sponge-mixin-0.7.11.36.jar:0.7.11.36+unknown-b0.git-unknown]
	at org.spongepowered.asm.mixin.Mixins.addConfiguration(Mixins.java:78) ~[sponge-mixin-0.7.11.36.jar:0.7.11.36+unknown-b0.git-unknown]
	at net.fabricmc.loader.launch.common.FabricMixinBootstrap.addConfiguration(FabricMixinBootstrap.java:43) ~[net.fabricmc.yarn.1.net.fabricmc.fabric-loader-0.4.8+build.154.jar:?]
	at java.lang.Iterable.forEach(Iterable.java:75) [?:1.8.0_191]
	at net.fabricmc.loader.launch.common.FabricMixinBootstrap.init(FabricMixinBootstrap.java:79) [net.fabricmc.yarn.1.net.fabricmc.fabric-loader-0.4.8+build.154.jar:?]
	at net.fabricmc.loader.launch.knot.Knot.init(Knot.java:124) [net.fabricmc.yarn.1.net.fabricmc.fabric-loader-0.4.8+build.154.jar:?]
	at net.fabricmc.loader.launch.knot.KnotClient.main(KnotClient.java:26) [net.fabricmc.yarn.1.net.fabricmc.fabric-loader-0.4.8+build.154.jar:?]
Caused by: java.lang.NullPointerException
	at java.io.Reader.<init>(Reader.java:78) ~[?:1.8.0_191]
	at java.io.InputStreamReader.<init>(InputStreamReader.java:72) ~[?:1.8.0_191]
	at org.spongepowered.asm.mixin.transformer.MixinConfig.create(MixinConfig.java:902) ~[sponge-mixin-0.7.11.36.jar:0.7.11.36+unknown-b0.git-unknown]
	... 8 more
[14:07:12] [main/INFO]: Remapping refMap fabric-networking-v0-refmap.json using remapper chain
[14:07:12] [main/INFO]: Remapping refMap fabric-networking-blockentity-v0-refmap.json using remapper chain
[14:07:12] [main/INFO]: Remapping refMap fabric-resource-loader-v0-refmap.json using remapper chain
[14:07:12] [main/INFO]: Remapping refMap fabric-mining-levels-v0-refmap.json using remapper chain
[14:07:12] [main/INFO]: Remapping refMap fabric-containers-v0-refmap.json using remapper chain
[14:07:12] [main/INFO]: Remapping refMap fabric-rendering-v0-refmap.json using remapper chain
[14:07:12] [main/INFO]: Remapping refMap fabric-object-builders-v0-refmap.json using remapper chain
[14:07:12] [main/INFO]: Remapping refMap fabric-renderer-indigo-refmap.json using remapper chain
[14:07:12] [main/INFO]: Remapping refMap fabric-rendering-data-attachment-v1-refmap.json using remapper chain
[14:07:12] [main/INFO]: Remapping refMap fabric-item-groups-v0-refmap.json using remapper chain
[14:07:12] [main/INFO]: Remapping refMap fabric-events-interaction-v0-refmap.json using remapper chain
[14:07:12] [main/INFO]: Remapping refMap fabric-content-registries-v0-refmap.json using remapper chain
[14:07:12] [main/INFO]: Remapping refMap fabric-textures-v0-refmap.json using remapper chain
[14:07:12] [main/INFO]: Remapping refMap fabric-registry-sync-v0-refmap.json using remapper chain
[14:07:12] [main/INFO]: Remapping refMap fabric-models-v0-refmap.json using remapper chain
[14:07:12] [main/INFO]: Remapping refMap fabric-keybindings-v0-refmap.json using remapper chain
[14:07:12] [main/INFO]: Remapping refMap fabric-crash-report-info-v1-refmap.json using remapper chain
[14:07:12] [main/INFO]: Remapping refMap fabric-renderer-api-v1-refmap.json using remapper chain
[14:07:12] [main/INFO]: Remapping refMap fabric-containers-v0-refmap.json using remapper chain
[14:07:12] [main/INFO]: Remapping refMap fabric-events-lifecycle-v0-refmap.json using remapper chain
[14:07:12] [main/INFO]: Remapping refMap fabric-commands-v0-refmap.json using remapper chain
[14:07:12] [main/INFO]: Remapping refMap fabric-renderer-api-v1-refmap.json using remapper chain
[14:07:12] [main/INFO]: Remapping refMap fabric-rendering-fluids-v1-refmap.json using remapper chain
[14:07:13] [main/INFO]: Setting user: Player69
[14:07:18] [main/INFO]: [Indigo] Registering Indigo renderer!
[14:07:18] [main/INFO]: LWJGL Version: 3.2.1 build 12
[14:07:21] [main/WARN]: ERROR : Couldn't load Narrator library : Unable to load library 'SAPIWrapper_x64': Can't obtain InputStream for win32-x86-64/SAPIWrapper_x64.dll
ERROR : Couldn't load Narrator library : Unable to load library 'SAPIWrapper_x86': Can't obtain InputStream for win32-x86-64/SAPIWrapper_x86.dll

[14:07:21] [main/INFO]: Built for minecraft version 1.14.2
[14:07:22] [Realms Notification Availability checker #1/INFO]: Could not authorize you against Realms server: Invalid session id
[14:07:30] [Server-Worker-1/WARN]: Codepoint '1ed0' declared multiple times in minecraft:textures/font/accented.png
[14:07:35] [main/INFO]: OpenAL initialized.
[14:07:35] [main/INFO]: Sound engine started
[14:07:35] [main/INFO]: Created: 1024x512 textures-atlas
[14:07:36] [main/INFO]: Created: 256x256 textures/particle-atlas
[14:07:36] [main/INFO]: Created: 256x256 textures/painting-atlas
[14:07:36] [main/INFO]: Created: 256x128 textures/mob_effect-atlas
[14:07:49] [main/INFO]: Stopping!
